<?xml version="1.0" encoding="utf-8"?><testsuites name="pytest tests"><testsuite name="pytest" errors="0" failures="0" skipped="0" tests="27" time="16.815" timestamp="2026-06-12T12:31:37.598109+00:00" hostname="agent-env-c3c695f1-c1f1-4875-a76a-423af6b1aa45"><testcase classname="backend.tests.backend_test.TestDashboard" name="test_overview" time="0.221" /><testcase classname="backend.tests.backend_test.TestDashboard" name="test_assets_list" time="0.056" /><testcase classname="backend.tests.backend_test.TestDashboard" name="test_get_asset_detail" time="0.060" /><testcase classname="backend.tests.backend_test.TestDashboard" name="test_get_asset_404" time="0.053" /><testcase classname="backend.tests.backend_test.TestDashboard" name="test_asset_sensors" time="0.053" /><testcase classname="backend.tests.backend_test.TestAlerts" name="test_list_all" time="0.054" /><testcase classname="backend.tests.backend_test.TestAlerts" name="test_filter_critical" time="0.053" /><testcase classname="backend.tests.backend_test.TestAlerts" name="test_filter_warning" time="0.059" /><testcase classname="backend.tests.backend_test.TestAlerts" name="test_filter_unack" time="0.055" /><testcase classname="backend.tests.backend_test.TestAlerts" name="test_acknowledge_flow" time="0.164" /><testcase classname="backend.tests.backend_test.TestAlerts" name="test_ack_404" time="0.051" /><testcase classname="backend.tests.backend_test.TestLogbook" name="test_list_all" time="0.050" /><testcase classname="backend.tests.backend_test.TestLogbook" name="test_filter_by_asset" time="0.087" /><testcase classname="backend.tests.backend_test.TestLogbook" name="test_create_entry" time="0.107" /><testcase classname="backend.tests.backend_test.TestKnowledge" name="test_list" time="0.053" /><testcase classname="backend.tests.backend_test.TestKnowledge" name="test_filter_asset" time="0.052" /><testcase classname="backend.tests.backend_test.TestKnowledge" name="test_search" time="0.051" /><testcase classname="backend.tests.backend_test.TestRiskRecsReports" name="test_risk_matrix" time="0.051" /><testcase classname="backend.tests.backend_test.TestRiskRecsReports" name="test_recommendations" time="0.064" /><testcase classname="backend.tests.backend_test.TestRiskRecsReports" name="test_report" time="0.056" /><testcase classname="backend.tests.backend_test.TestWizard" name="test_create_session" time="0.057" /><testcase classname="backend.tests.backend_test.TestWizard" name="test_list_sessions" time="0.055" /><testcase classname="backend.tests.backend_test.TestWizard" name="test_get_session" time="0.058" /><testcase classname="backend.tests.backend_test.TestWizard" name="test_stream_claude" time="10.231" /><testcase classname="backend.tests.backend_test.TestWizard" name="test_stream_gpt" time="4.583" /><testcase classname="backend.tests.backend_test.TestWizard" name="test_feedback" time="0.100" /><testcase classname="backend.tests.backend_test.TestSimulate" name="test_simulate" time="0.090" /></testsuite></testsuites>